[20:28:39] [ServerMain/INFO]: [bootstrap] Running Java 21 (OpenJDK 64-Bit Server VM 21.0.10+7-Ubuntu-124.04; Ubuntu null) on Linux 6.8.0-1044-azure (amd64)
[20:28:39] [ServerMain/INFO]: [bootstrap] Loading Paper 1.21.11-99-main@81b9122 (2026-01-20T19:08:30Z) for Minecraft 1.21.11
[20:28:39] [ServerMain/INFO]: [PluginInitializerManager] Initializing plugins...
[20:28:39] [ServerMain/INFO]: [PluginInitializerManager] Initialized 0 plugins
[20:28:41] [Paper Plugin Remapper Thread - 0/INFO]: [ReobfServer] Remapping server...
[20:28:48] [ServerMain/INFO]: Environment: Environment[sessionHost=https://sessionserver.mojang.com, servicesHost=https://api.minecraftservices.com, profilesHost=https://api.mojang.com, name=PROD]
[20:28:48] [ServerMain/INFO]: Found new data pack file/bukkit, loading it automatically
[20:28:48] [ServerMain/INFO]: Found new data pack paper, loading it automatically
[20:28:49] [ServerMain/INFO]: No existing world data, creating new world
[20:28:50] [Paper Plugin Remapper Thread - 0/INFO]: [ReobfServer] Done remapping server in 9263ms.
[20:28:50] [ServerMain/INFO]: Loaded 1470 recipes
[20:28:50] [ServerMain/INFO]: Loaded 1584 advancements
[20:28:50] [ServerMain/INFO]: [ca.spottedleaf.dataconverter.minecraft.datatypes.MCTypeRegistry] Initialising converters for DataConverter...
[20:28:51] [ServerMain/INFO]: [ca.spottedleaf.dataconverter.minecraft.datatypes.MCTypeRegistry] Finished initialising converters for DataConverter in 469.3ms
[20:28:51] [Server thread/INFO]: Starting minecraft server version 1.21.11
[20:28:51] [Server thread/INFO]: Loading properties
[20:28:51] [Server thread/INFO]: This server is running Paper version 1.21.11-99-main@81b9122 (2026-01-20T19:08:30Z) (Implementing API version 1.21.11-R0.1-SNAPSHOT)
[20:28:51] [Server thread/INFO]: [spark] This server bundles the spark profiler. For more information please visit https://docs.papermc.io/paper/profiling
[20:28:51] [Server thread/INFO]: Server Ping Player Sample Count: 12
[20:28:51] [Server thread/INFO]: Using 4 threads for Netty based IO
[20:28:52] [Server thread/INFO]: [MoonriseCommon] Paper is using 1 worker threads, 1 I/O threads
[20:28:53] [Server thread/INFO]: Default game type: SURVIVAL
[20:28:53] [Server thread/INFO]: Generating keypair
[20:28:53] [Server thread/INFO]: Starting Minecraft server on *:25565
[20:28:53] [Server thread/INFO]: Paper: Using libdeflate (Linux x86_64) compression from Velocity.
[20:28:53] [Server thread/INFO]: Paper: Using OpenSSL 3.x.x (Linux x86_64) cipher from Velocity.
[20:28:53] [Server thread/WARN]: **** SERVER IS RUNNING IN OFFLINE/INSECURE MODE!
[20:28:53] [Server thread/WARN]: The server will make no attempt to authenticate usernames. Beware.
[20:28:53] [Server thread/WARN]: While this makes the game possible to play without internet access, it also opens up the ability for hackers to connect with any username they choose.
[20:28:53] [Server thread/WARN]: To change this, set "online-mode" to "true" in the server.properties file.
[20:28:53] [Server thread/INFO]: Preparing level "world"
[20:28:53] [Server thread/INFO]: [ca.spottedleaf.moonrise.common.util.MoonriseConstants] NUMA enable flag is not set; however there is NUMA interaction support for this OS.
[20:28:53] [Server thread/INFO]: [ca.spottedleaf.moonrise.common.util.MoonriseConstants] Detected 1 NUMA nodes.
[20:28:53] [Server thread/INFO]: Selecting spawn point for world 'minecraft:overworld'...
[20:29:01] [Server thread/INFO]: Selecting spawn point for world 'minecraft:the_nether'...
[20:29:02] [Server thread/INFO]: Selecting spawn point for world 'minecraft:the_end'...
[20:29:03] [Server thread/INFO]: Loading 0 persistent chunks for world 'minecraft:overworld'...
[20:29:03] [Server thread/INFO]: Preparing spawn area: 100%
[20:29:03] [Server thread/INFO]: Prepared spawn area in 9319 ms
[20:29:03] [Server thread/INFO]: Loading 0 persistent chunks for world 'minecraft:the_nether'...
[20:29:03] [Server thread/INFO]: Preparing spawn area: 100%
[20:29:03] [Server thread/INFO]: Prepared spawn area in 1386 ms
[20:29:03] [Server thread/INFO]: Loading 0 persistent chunks for world 'minecraft:the_end'...
[20:29:03] [Server thread/INFO]: Preparing spawn area: 100%
[20:29:03] [Server thread/INFO]: Prepared spawn area in 307 ms
[20:29:03] [Server thread/INFO]: Done preparing level "world" (9.898s)
[20:29:03] [Server thread/INFO]: [spark] Starting background profiler...
[20:29:03] [Server thread/INFO]: Running delayed init tasks
[20:29:03] [Server thread/INFO]: Done (25.220s)! For help, type "help"
[20:29:03] [Server thread/INFO]: *************************************************************************************
[20:29:03] [Server thread/INFO]: This is the first time you're starting this server.
[20:29:03] [Server thread/INFO]: It's recommended you read our 'Getting Started' documentation for guidance.
[20:29:03] [Server thread/INFO]: View this and more helpful information here: https://docs.papermc.io/paper/next-steps
[20:29:03] [Server thread/INFO]: *************************************************************************************
[20:29:04] [Paper Async Task Handler Thread - 1/WARN]: *** You are running an outdated version of Minecraft, which is 2 release(s) and 31 build(s) behind!
[20:29:04] [Paper Async Task Handler Thread - 1/WARN]: *** Please update to the latest stable version on https://papermc.io/downloads/paper ***
[20:31:39] [User Authenticator #0/INFO]: UUID of player Ezex08 is 5df21021-746f-3961-babf-41e120df6167
[20:31:45] [Server thread/INFO]: Ezex08 joined the game
[20:31:45] [Server thread/INFO]: Ezex08[/127.202.135.42:49321] logged in with entity id 34 at ([world]7.5, 76.0, 3.5)
[20:33:14] [Server thread/INFO]: Made Ezex08 a server operator
[20:33:21] [Server thread/INFO]: Ezex08 issued server command: /gamemode creative
[20:33:21] [Server thread/INFO]: [Ezex08: Set own game mode to Creative Mode]
[20:33:30] [Server thread/INFO]: Ezex08 has reached the goal [Sky's the Limit]
[20:37:49] [Server thread/INFO]: Ezex08 issued server command: /spawnpoint
[20:37:49] [Server thread/INFO]: [Ezex08: Set spawn point to -165, 87, -104 [0.0, 0.0] in minecraft:overworld for Ezex08]
[20:37:56] [Server thread/INFO]: Ezex08 issued server command: /spawnpoint @a
[20:37:56] [Server thread/INFO]: [Ezex08: Set spawn point to -165, 87, -104 [0.0, 0.0] in minecraft:overworld for Ezex08]
[20:39:02] [Server thread/INFO]: Ezex08 lost connection: Disconnected
[20:39:03] [Server thread/INFO]: Ezex08 left the game
[20:39:20] [Server thread/INFO]: Unknown or incomplete command. See below for error
stp<--[HERE]
[20:39:25] [Server thread/INFO]: Stopping the server
[20:39:25] [Server thread/INFO]: Stopping server
[20:39:25] [Server thread/INFO]: Saving players
[20:39:25] [Server thread/INFO]: Saving worlds
[20:39:25] [Server thread/INFO]: Saving chunks for level 'ServerLevel[world]'/minecraft:overworld
[20:39:25] [Server thread/INFO]: [ChunkHolderManager] Waiting 60s for chunk system to halt for world 'world'
[20:39:25] [Server thread/INFO]: [ChunkHolderManager] Halted chunk system for world 'world'
[20:39:25] [Server thread/INFO]: [ChunkHolderManager] Saving all chunkholders for world 'world'
[20:39:25] [Server thread/INFO]: [ChunkHolderManager] Saved 0 block chunks, 0 entity chunks, 0 poi chunks in world 'world' in 0.15s
[20:39:25] [Server thread/INFO]: [ChunkHolderManager] Waiting 60s for chunk I/O to halt for world 'world'
[20:39:25] [Server thread/INFO]: [ChunkHolderManager] Halted I/O scheduler for world 'world'
[20:39:25] [Server thread/INFO]: Saving chunks for level 'ServerLevel[world_nether]'/minecraft:the_nether
[20:39:25] [Server thread/INFO]: [ChunkHolderManager] Waiting 60s for chunk system to halt for world 'world_nether'
[20:39:25] [Server thread/INFO]: [ChunkHolderManager] Halted chunk system for world 'world_nether'
[20:39:25] [Server thread/INFO]: [ChunkHolderManager] Saving all chunkholders for world 'world_nether'
[20:39:25] [Server thread/INFO]: [ChunkHolderManager] Saved 0 block chunks, 0 entity chunks, 0 poi chunks in world 'world_nether' in 0.00s
[20:39:25] [Server thread/INFO]: [ChunkHolderManager] Waiting 60s for chunk I/O to halt for world 'world_nether'
[20:39:25] [Server thread/INFO]: [ChunkHolderManager] Halted I/O scheduler for world 'world_nether'
[20:39:25] [Server thread/INFO]: Saving chunks for level 'ServerLevel[world_the_end]'/minecraft:the_end
[20:39:25] [Server thread/INFO]: [ChunkHolderManager] Waiting 60s for chunk system to halt for world 'world_the_end'
[20:39:25] [Server thread/INFO]: [ChunkHolderManager] Halted chunk system for world 'world_the_end'
[20:39:25] [Server thread/INFO]: [ChunkHolderManager] Saving all chunkholders for world 'world_the_end'
[20:39:25] [Server thread/INFO]: [ChunkHolderManager] Saved 0 block chunks, 0 entity chunks, 0 poi chunks in world 'world_the_end' in 0.00s
[20:39:25] [Server thread/INFO]: [ChunkHolderManager] Waiting 60s for chunk I/O to halt for world 'world_the_end'
[20:39:25] [Server thread/INFO]: [ChunkHolderManager] Halted I/O scheduler for world 'world_the_end'
[20:39:25] [Server thread/INFO]: ThreadedAnvilChunkStorage (world): All chunks are saved
[20:39:25] [Server thread/INFO]: ThreadedAnvilChunkStorage (DIM-1): All chunks are saved
[20:39:25] [Server thread/INFO]: ThreadedAnvilChunkStorage (DIM1): All chunks are saved
[20:39:25] [Server thread/INFO]: ThreadedAnvilChunkStorage: All dimensions are saved
[20:39:25] [Server thread/INFO]: Waiting for all RegionFile I/O tasks to complete...
[20:39:25] [Server thread/INFO]: All RegionFile I/O tasks to complete
[20:39:25] [Server thread/INFO]: [MoonriseCommon] Awaiting termination of worker pool for up to 60s...
[20:39:25] [Server thread/INFO]: [MoonriseCommon] Awaiting termination of I/O pool for up to 60s...
